<?xml version="1.0" encoding="UTF-8"?>
<!-- Generated by org.testng.reporters.JUnitReportReporter -->
<testsuite hostname="DESKTOP-V1LVTDJ" failures="0" tests="1" name="com.geo.tests.MainPageTest" time="26.711" errors="0" timestamp="2023-07-13T14:48:26 IST" skipped="0">
  <testcase classname="com.geo.tests.MainPageTest" name="verifyingWithEnteringValidMobNoandOTP" time="26.711"/>
</testsuite> <!-- com.geo.tests.MainPageTest -->
