<?xml version="1.0" encoding="UTF-8"?>
<!-- Generated by org.testng.reporters.JUnitReportReporter -->
<testsuite hostname="DESKTOP-GTB1GVA" failures="0" tests="1" name="com.adc.base.TestBase" time="3.162" errors="0" timestamp="2023-06-17T00:54:19 IST" skipped="0">
  <testcase classname="com.adc.base.TestBase" name="setUp" time="3.162"/>
</testsuite> <!-- com.adc.base.TestBase -->
